
> socity-backend@1.0.0 start
> ts-node src/main.ts

[32m[Nest] 4272  - [39m04/26/2026, 5:04:23 PM [32m    LOG[39m [38;5;3m[NestFactory] [39m[32mStarting Nest application...[39m
[32m[Nest] 4272  - [39m04/26/2026, 5:04:23 PM [32m    LOG[39m [38;5;3m[InstanceLoader] [39m[32mAppModule dependencies initialized[39m[38;5;3m +27ms[39m
[32m[Nest] 4272  - [39m04/26/2026, 5:04:23 PM [32m    LOG[39m [38;5;3m[InstanceLoader] [39m[32mConfigHostModule dependencies initialized[39m[38;5;3m +2ms[39m
[32m[Nest] 4272  - [39m04/26/2026, 5:04:23 PM [32m    LOG[39m [38;5;3m[InstanceLoader] [39m[32mConfigModule dependencies initialized[39m[38;5;3m +2ms[39m
[32m[Nest] 4272  - [39m04/26/2026, 5:04:23 PM [32m    LOG[39m [38;5;3m[InstanceLoader] [39m[32mAdminApiModule dependencies initialized[39m[38;5;3m +2ms[39m
[32m[Nest] 4272  - [39m04/26/2026, 5:04:23 PM [32m    LOG[39m [38;5;3m[InstanceLoader] [39m[32mDataModule dependencies initialized[39m[38;5;3m +1ms[39m
[32m[Nest] 4272  - [39m04/26/2026, 5:04:23 PM [32m    LOG[39m [38;5;3m[InstanceLoader] [39m[32mSystemApiModule dependencies initialized[39m[38;5;3m +1ms[39m
[32m[Nest] 4272  - [39m04/26/2026, 5:04:23 PM [32m    LOG[39m [38;5;3m[InstanceLoader] [39m[32mExperienceApiModule dependencies initialized[39m[38;5;3m +1ms[39m
[32m[Nest] 4272  - [39m04/26/2026, 5:04:23 PM [32m    LOG[39m [38;5;3m[InstanceLoader] [39m[32mContentApiModule dependencies initialized[39m[38;5;3m +1ms[39m
[32m[Nest] 4272  - [39m04/26/2026, 5:04:23 PM [32m    LOG[39m [38;5;3m[WebSocketsController] [39m[32mRealtimeGateway subscribed to the "presence.subscribe" message[39m[38;5;3m +191ms[39m
[32m[Nest] 4272  - [39m04/26/2026, 5:04:23 PM [32m    LOG[39m [38;5;3m[WebSocketsController] [39m[32mRealtimeGateway subscribed to the "thread.join" message[39m[38;5;3m +0ms[39m
[32m[Nest] 4272  - [39m04/26/2026, 5:04:23 PM [32m    LOG[39m [38;5;3m[WebSocketsController] [39m[32mRealtimeGateway subscribed to the "thread.leave" message[39m[38;5;3m +1ms[39m
[32m[Nest] 4272  - [39m04/26/2026, 5:04:23 PM [32m    LOG[39m [38;5;3m[WebSocketsController] [39m[32mRealtimeGateway subscribed to the "thread.typing" message[39m[38;5;3m +0ms[39m
[32m[Nest] 4272  - [39m04/26/2026, 5:04:23 PM [32m    LOG[39m [38;5;3m[WebSocketsController] [39m[32mRealtimeGateway subscribed to the "thread.message.send" message[39m[38;5;3m +1ms[39m
[32m[Nest] 4272  - [39m04/26/2026, 5:04:23 PM [32m    LOG[39m [38;5;3m[WebSocketsController] [39m[32mRealtimeGateway subscribed to the "thread.message.read" message[39m[38;5;3m +0ms[39m
[32m[Nest] 4272  - [39m04/26/2026, 5:04:23 PM [32m    LOG[39m [38;5;3m[WebSocketsController] [39m[32mRealtimeGateway subscribed to the "call.create" message[39m[38;5;3m +1ms[39m
[32m[Nest] 4272  - [39m04/26/2026, 5:04:23 PM [32m    LOG[39m [38;5;3m[WebSocketsController] [39m[32mRealtimeGateway subscribed to the "call.join" message[39m[38;5;3m +0ms[39m
[32m[Nest] 4272  - [39m04/26/2026, 5:04:23 PM [32m    LOG[39m [38;5;3m[WebSocketsController] [39m[32mRealtimeGateway subscribed to the "call.leave" message[39m[38;5;3m +0ms[39m
[32m[Nest] 4272  - [39m04/26/2026, 5:04:23 PM [32m    LOG[39m [38;5;3m[WebSocketsController] [39m[32mRealtimeGateway subscribed to the "call.signal" message[39m[38;5;3m +1ms[39m
[32m[Nest] 4272  - [39m04/26/2026, 5:04:23 PM [32m    LOG[39m [38;5;3m[WebSocketsController] [39m[32mRealtimeGateway subscribed to the "call.end" message[39m[38;5;3m +0ms[39m
[32m[Nest] 4272  - [39m04/26/2026, 5:04:23 PM [32m    LOG[39m [38;5;3m[RoutesResolver] [39m[32mHealthController {/}:[39m[38;5;3m +3ms[39m
[32m[Nest] 4272  - [39m04/26/2026, 5:04:23 PM [32m    LOG[39m [38;5;3m[RouterExplorer] [39m[32mMapped {/, GET} route[39m[38;5;3m +3ms[39m
[32m[Nest] 4272  - [39m04/26/2026, 5:04:23 PM [32m    LOG[39m [38;5;3m[RouterExplorer] [39m[32mMapped {/health, GET} route[39m[38;5;3m +1ms[39m
[32m[Nest] 4272  - [39m04/26/2026, 5:04:23 PM [32m    LOG[39m [38;5;3m[RouterExplorer] [39m[32mMapped {/health/database, GET} route[39m[38;5;3m +1ms[39m
[32m[Nest] 4272  - [39m04/26/2026, 5:04:23 PM [32m    LOG[39m [38;5;3m[RoutesResolver] [39m[32mBootstrapController {/app}:[39m[38;5;3m +1ms[39m
[32m[Nest] 4272  - [39m04/26/2026, 5:04:23 PM [32m    LOG[39m [38;5;3m[RouterExplorer] [39m[32mMapped {/app/bootstrap, GET} route[39m[38;5;3m +0ms[39m
[32m[Nest] 4272  - [39m04/26/2026, 5:04:23 PM [32m    LOG[39m [38;5;3m[RouterExplorer] [39m[32mMapped {/app/config, GET} route[39m[38;5;3m +1ms[39m
[32m[Nest] 4272  - [39m04/26/2026, 5:04:23 PM [32m    LOG[39m [38;5;3m[RouterExplorer] [39m[32mMapped {/app/session-init, POST} route[39m[38;5;3m +1ms[39m
[32m[Nest] 4272  - [39m04/26/2026, 5:04:23 PM [32m    LOG[39m [38;5;3m[RoutesResolver] [39m[32mAuthController {/auth}:[39m[38;5;3m +1ms[39m
[32m[Nest] 4272  - [39m04/26/2026, 5:04:23 PM [32m    LOG[39m [38;5;3m[RouterExplorer] [39m[32mMapped {/auth/demo-accounts, GET} route[39m[38;5;3m +1ms[39m
[32m[Nest] 4272  - [39m04/26/2026, 5:04:23 PM [32m    LOG[39m [38;5;3m[RouterExplorer] [39m[32mMapped {/auth/login, POST} route[39m[38;5;3m +0ms[39m
[32m[Nest] 4272  - [39m04/26/2026, 5:04:23 PM [32m    LOG[39m [38;5;3m[RouterExplorer] [39m[32mMapped {/auth/google, POST} route[39m[38;5;3m +1ms[39m
[32m[Nest] 4272  - [39m04/26/2026, 5:04:23 PM [32m    LOG[39m [38;5;3m[RouterExplorer] [39m[32mMapped {/auth/refresh-token, POST} route[39m[38;5;3m +2ms[39m
[32m[Nest] 4272  - [39m04/26/2026, 5:04:23 PM [32m    LOG[39m [38;5;3m[RouterExplorer] [39m[32mMapped {/auth/logout, POST} route[39m[38;5;3m +0ms[39m
[32m[Nest] 4272  - [39m04/26/2026, 5:04:23 PM [32m    LOG[39m [38;5;3m[RouterExplorer] [39m[32mMapped {/auth/signup, POST} route[39m[38;5;3m +1ms[39m
[32m[Nest] 4272  - [39m04/26/2026, 5:04:23 PM [32m    LOG[39m [38;5;3m[RouterExplorer] [39m[32mMapped {/auth/verify-email/confirm, POST} route[39m[38;5;3m +1ms[39m
[32m[Nest] 4272  - [39m04/26/2026, 5:04:23 PM [32m    LOG[39m [38;5;3m[RouterExplorer] [39m[32mMapped {/auth/forgot-password, POST} route[39m[38;5;3m +0ms[39m
[32m[Nest] 4272  - [39m04/26/2026, 5:04:23 PM [32m    LOG[39m [38;5;3m[RouterExplorer] [39m[32mMapped {/auth/reset-password, POST} route[39m[38;5;3m +0ms[39m
[32m[Nest] 4272  - [39m04/26/2026, 5:04:23 PM [32m    LOG[39m [38;5;3m[RouterExplorer] [39m[32mMapped {/auth/me, GET} route[39m[38;5;3m +0ms[39m
[32m[Nest] 4272  - [39m04/26/2026, 5:04:23 PM [32m    LOG[39m [38;5;3m[RoutesResolver] [39m[32mOnboardingController {/onboarding}:[39m[38;5;3m +1ms[39m
[32m[Nest] 4272  - [39m04/26/2026, 5:04:23 PM [32m    LOG[39m [38;5;3m[RouterExplorer] [39m[32mMapped {/onboarding/slides, GET} route[39m[38;5;3m +0ms[39m
[32m[Nest] 4272  - [39m04/26/2026, 5:04:23 PM [32m    LOG[39m [38;5;3m[RouterExplorer] [39m[32mMapped {/onboarding/state, GET} route[39m[38;5;3m +1ms[39m
